<?xml version="1.0" encoding="UTF-8"?>
<!-- Generated by org.testng.reporters.JUnitReportReporter -->
<testsuite skipped="0" hostname="DESKTOP-43P6LLT" name="org.com.ClassC" tests="4" failures="0" timestamp="01 Mar 2023 05:58:13 GMT" time="0.055" errors="0">
  <testcase name="m02" time="0.010" classname="org.com.ClassC"/>
  <testcase name="m01" time="0.028" classname="org.com.ClassC"/>
  <testcase name="m04" time="0.011" classname="org.com.ClassC"/>
  <testcase name="m03" time="0.006" classname="org.com.ClassC"/>
</testsuite> <!-- org.com.ClassC -->
