<?xml version="1.0" encoding="UTF-8"?>
<!-- Generated by org.testng.reporters.JUnitReportReporter -->
<testsuite skipped="0" hostname="DESKTOP-43P6LLT" name="org.com.AnothorTestNG" tests="6" failures="0" timestamp="28 Feb 2023 04:35:28 GMT" time="0.111" errors="0">
  <testcase name="m02" time="0.031" classname="org.com.AnothorTestNG"/>
  <testcase name="m04" time="0.006" classname="org.com.AnothorTestNG"/>
  <testcase name="m01" time="0.009" classname="org.com.AnothorTestNG"/>
  <testcase name="m03" time="0.010" classname="org.com.AnothorTestNG"/>
  <testcase name="m03" time="0.027" classname="org.com.AnothorTestNG"/>
  <testcase name="m03" time="0.028" classname="org.com.AnothorTestNG"/>
</testsuite> <!-- org.com.AnothorTestNG -->
