<?xml version="1.0" encoding="UTF-8"?>
<!-- Generated by org.testng.reporters.JUnitReportReporter -->
<testsuite skipped="0" hostname="DESKTOP-43P6LLT" name="org.com.TestNG" tests="1" failures="0" timestamp="28 Feb 2023 04:23:09 GMT" time="0.032" errors="0">
  <testcase name="m9" time="0.032" classname="org.com.TestNG"/>
</testsuite> <!-- org.com.TestNG -->
